<?xml version="1.0" encoding="UTF-8"?>
<!-- Generated by org.testng.reporters.JUnitXMLReporter -->
<testsuite hostname="pradeep-Vostro-3546" ignored="0" name="Test" tests="3" failures="0" timestamp="11 Dec 2018 14:02:23 GMT" time="72.637" errors="0">
  <testcase name="testInvalidLogin" time="11.494" classname="com.actitime.test.InvalidLoginTest"/>
  <testcase name="testVerifingVersion" time="0.124" classname="com.actitime.test.VerifingVersionTest"/>
  <testcase name="testValidLoginLogOut" time="16.331" classname="com.actitime.test.ValidLoginLogOut"/>
</testsuite> <!-- Test -->
