<?xml version="1.0" encoding="UTF-8"?>
<testng-results skipped="0" failed="0" ignored="0" total="3" passed="3">
  <reporter-output>
    <line>
      <![CDATA[Title is Matching :actiTIME - Login]]>
    </line>
    <line>
      <![CDATA[Element is present :Username or Password is invalid. Please try again.]]>
    </line>
    <line>
      <![CDATA[Title is Matching :actiTIME - Login]]>
    </line>
    <line>
      <![CDATA[Title is Matching :actiTIME - Login]]>
    </line>
    <line>
      <![CDATA[Title is Matching :actiTIME - Enter Time-Track]]>
    </line>
    <line>
      <![CDATA[Title is Matching :actiTIME - Login]]>
    </line>
  </reporter-output>
  <suite name="Suite" duration-ms="72637" started-at="2018-12-11T14:01:10Z" finished-at="2018-12-11T14:02:23Z">
    <groups>
    </groups>
    <test name="Test" duration-ms="72637" started-at="2018-12-11T14:01:10Z" finished-at="2018-12-11T14:02:23Z">
      <class name="com.actitime.test.VerifingVersionTest">
        <test-method status="PASS" signature="preCondition()[pri:0, instance:com.actitime.test.VerifingVersionTest@28ac3dc3]" name="preCondition" is-config="true" duration-ms="16775" started-at="2018-12-11T14:01:36Z" finished-at="2018-12-11T14:01:53Z">
          <reporter-output>
          </reporter-output>
        </test-method> <!-- preCondition -->
        <test-method status="PASS" signature="testVerifingVersion()[pri:0, instance:com.actitime.test.VerifingVersionTest@28ac3dc3]" name="testVerifingVersion" duration-ms="124" started-at="2018-12-11T14:01:53Z" finished-at="2018-12-11T14:01:53Z">
          <reporter-output>
            <line>
              <![CDATA[Title is Matching :actiTIME - Login]]>
            </line>
          </reporter-output>
        </test-method> <!-- testVerifingVersion -->
        <test-method status="PASS" signature="postCondition()[pri:0, instance:com.actitime.test.VerifingVersionTest@28ac3dc3]" name="postCondition" is-config="true" duration-ms="110" started-at="2018-12-11T14:01:53Z" finished-at="2018-12-11T14:01:53Z">
          <reporter-output>
          </reporter-output>
        </test-method> <!-- postCondition -->
      </class> <!-- com.actitime.test.VerifingVersionTest -->
      <class name="com.actitime.test.InvalidLoginTest">
        <test-method status="PASS" signature="preCondition()[pri:0, instance:com.actitime.test.InvalidLoginTest@23fe1d71]" name="preCondition" is-config="true" duration-ms="14874" started-at="2018-12-11T14:01:10Z" finished-at="2018-12-11T14:01:25Z">
          <reporter-output>
          </reporter-output>
        </test-method> <!-- preCondition -->
        <test-method status="PASS" signature="testInvalidLogin()[pri:0, instance:com.actitime.test.InvalidLoginTest@23fe1d71]" name="testInvalidLogin" duration-ms="11494" started-at="2018-12-11T14:01:25Z" finished-at="2018-12-11T14:01:36Z">
          <reporter-output>
            <line>
              <![CDATA[Title is Matching :actiTIME - Login]]>
            </line>
            <line>
              <![CDATA[Element is present :Username or Password is invalid. Please try again.]]>
            </line>
          </reporter-output>
        </test-method> <!-- testInvalidLogin -->
        <test-method status="PASS" signature="postCondition()[pri:0, instance:com.actitime.test.InvalidLoginTest@23fe1d71]" name="postCondition" is-config="true" duration-ms="111" started-at="2018-12-11T14:01:36Z" finished-at="2018-12-11T14:01:36Z">
          <reporter-output>
          </reporter-output>
        </test-method> <!-- postCondition -->
      </class> <!-- com.actitime.test.InvalidLoginTest -->
      <class name="com.actitime.test.ValidLoginLogOut">
        <test-method status="PASS" signature="preCondition()[pri:0, instance:com.actitime.test.ValidLoginLogOut@32eebfca]" name="preCondition" is-config="true" duration-ms="12674" started-at="2018-12-11T14:01:53Z" finished-at="2018-12-11T14:02:06Z">
          <reporter-output>
          </reporter-output>
        </test-method> <!-- preCondition -->
        <test-method status="PASS" signature="testValidLoginLogOut()[pri:0, instance:com.actitime.test.ValidLoginLogOut@32eebfca]" name="testValidLoginLogOut" duration-ms="16331" started-at="2018-12-11T14:02:06Z" finished-at="2018-12-11T14:02:22Z">
          <reporter-output>
            <line>
              <![CDATA[Title is Matching :actiTIME - Login]]>
            </line>
            <line>
              <![CDATA[Title is Matching :actiTIME - Enter Time-Track]]>
            </line>
            <line>
              <![CDATA[Title is Matching :actiTIME - Login]]>
            </line>
          </reporter-output>
        </test-method> <!-- testValidLoginLogOut -->
        <test-method status="PASS" signature="postCondition()[pri:0, instance:com.actitime.test.ValidLoginLogOut@32eebfca]" name="postCondition" is-config="true" duration-ms="109" started-at="2018-12-11T14:02:22Z" finished-at="2018-12-11T14:02:23Z">
          <reporter-output>
          </reporter-output>
        </test-method> <!-- postCondition -->
      </class> <!-- com.actitime.test.ValidLoginLogOut -->
    </test> <!-- Test -->
  </suite> <!-- Suite -->
</testng-results>
